Streaming transaction logs mentioning AJVjSM27wBjwAcmFn1sb6E7fxjCXstw5cvSEnGrxwcfR. Confirmed commitment
Transaction executed in slot 6:
  Signature: 42apAVKSaADTmDYy8JFKzeWNvKWj7Cgf1QPfZBATYSFRMW3WS6fG3jnhGLr2LPSK1RSUPNYc8RqTypcrTsRyCiob
  Status: Ok
  Log Messages:
    Program AJVjSM27wBjwAcmFn1sb6E7fxjCXstw5cvSEnGrxwcfR invoke [1]
    Program log: Instruction: InitiatePoolConfig
    Program 11111111111111111111111111111111 invoke [2]
    Program 11111111111111111111111111111111 success
    Program Stake11111111111111111111111111111111111111 invoke [2]
    Program Stake11111111111111111111111111111111111111 success
    Program AJVjSM27wBjwAcmFn1sb6E7fxjCXstw5cvSEnGrxwcfR consumed 14010 of 200000 compute units
    Program AJVjSM27wBjwAcmFn1sb6E7fxjCXstw5cvSEnGrxwcfR success
Transaction executed in slot 9:
  Signature: SvEtSoiMye1YbnUob7vkcLEd6e1Vtn8ZqUsUNhtLiANRSsmPo8PQFXh7d3Rz4CHUADegD53ivLaUZ7Xj18UcK5Q
  Status: Ok
  Log Messages:
    Program AJVjSM27wBjwAcmFn1sb6E7fxjCXstw5cvSEnGrxwcfR invoke [1]
    Program log: Instruction: DepositStake
    Program 11111111111111111111111111111111 invoke [2]
    Program 11111111111111111111111111111111 success
    Program 11111111111111111111111111111111 invoke [2]
    Program 11111111111111111111111111111111 success
    Program AJVjSM27wBjwAcmFn1sb6E7fxjCXstw5cvSEnGrxwcfR consumed 11073 of 200000 compute units
    Program AJVjSM27wBjwAcmFn1sb6E7fxjCXstw5cvSEnGrxwcfR success
Transaction executed in slot 12:
  Signature: 4XaPuVLo7BcnbFbottf33phQueXPXp6sqUQrWP7b7AhACgxFeiXgVcF5TBwWfX9B7XxtwfBttnkkbYNqB2dfcDfW
  Status: Ok
  Log Messages:
    Program AJVjSM27wBjwAcmFn1sb6E7fxjCXstw5cvSEnGrxwcfR invoke [1]
    Program log: Instruction: DepositStake
    Program 11111111111111111111111111111111 invoke [2]
    Program 11111111111111111111111111111111 success
    Program 11111111111111111111111111111111 invoke [2]
    Program 11111111111111111111111111111111 success
    Program AJVjSM27wBjwAcmFn1sb6E7fxjCXstw5cvSEnGrxwcfR consumed 11134 of 200000 compute units
    Program AJVjSM27wBjwAcmFn1sb6E7fxjCXstw5cvSEnGrxwcfR success
Transaction executed in slot 12:
  Signature: 2tsSP2oTXUCwzLCmTMgs1VNz6ekCK9afHLdWp9hBQKME9K6fZ839jH5xwfkyarNwGtD7kEC1wU9c64NjJ1n2dvrh
  Status: Ok
  Log Messages:
    Program AJVjSM27wBjwAcmFn1sb6E7fxjCXstw5cvSEnGrxwcfR invoke [1]
    Program log: Instruction: StartWithdrawStake
    Program AJVjSM27wBjwAcmFn1sb6E7fxjCXstw5cvSEnGrxwcfR consumed 1700 of 200000 compute units
    Program AJVjSM27wBjwAcmFn1sb6E7fxjCXstw5cvSEnGrxwcfR success
Transaction executed in slot 13:
  Signature: 2tsSP2oTXUCwzLCmTMgs1VNz6ekCK9afHLdWp9hBQKME9K6fZ839jH5xwfkyarNwGtD7kEC1wU9c64NjJ1n2dvrh
  Status: Ok
  Log Messages:
    Program AJVjSM27wBjwAcmFn1sb6E7fxjCXstw5cvSEnGrxwcfR invoke [1]
    Program log: Instruction: StartWithdrawStake
    Program AJVjSM27wBjwAcmFn1sb6E7fxjCXstw5cvSEnGrxwcfR consumed 1700 of 200000 compute units
    Program AJVjSM27wBjwAcmFn1sb6E7fxjCXstw5cvSEnGrxwcfR success
Transaction executed in slot 16:
  Signature: 2AcG7MCuFcVbW3zunHuo9sgg5dkhmbFQTyqgqdpAwGdDfZ8sBcXwwfPTwcJ2DYsngakJV75AM6xQnqYLUjHVdDqR
  Status: Ok
  Log Messages:
    Program AJVjSM27wBjwAcmFn1sb6E7fxjCXstw5cvSEnGrxwcfR invoke [1]
    Program log: Instruction: DepositStake
    Program 11111111111111111111111111111111 invoke [2]
    Program 11111111111111111111111111111111 success
    Program 11111111111111111111111111111111 invoke [2]
    Program 11111111111111111111111111111111 success
    Program AJVjSM27wBjwAcmFn1sb6E7fxjCXstw5cvSEnGrxwcfR consumed 12634 of 200000 compute units
    Program AJVjSM27wBjwAcmFn1sb6E7fxjCXstw5cvSEnGrxwcfR success
Transaction executed in slot 16:
  Signature: 1111111111111111111111111111111111111111111111111111111111111111
  Status: Ok
  Log Messages:
    Program AJVjSM27wBjwAcmFn1sb6E7fxjCXstw5cvSEnGrxwcfR invoke [1]
    Program log: Instruction: ViewCurrentUserRewards
    Program AJVjSM27wBjwAcmFn1sb6E7fxjCXstw5cvSEnGrxwcfR consumed 1596 of 200000 compute units
    Program return: AJVjSM27wBjwAcmFn1sb6E7fxjCXstw5cvSEnGrxwcfR QEIPAAAAAABAQg8AAAAAAA==
    Program AJVjSM27wBjwAcmFn1sb6E7fxjCXstw5cvSEnGrxwcfR success
